<?xml version="1.0" encoding="UTF-8"?>
<!-- Generated by org.testng.reporters.JUnitXMLReporter -->
<testsuite hostname="James-SAGER" name="Default test" tests="2" failures="0" timestamp="27 Feb 2014 07:35:11 GMT" time="0.024" errors="0">
  <testcase name="divisionWithException" time="0.009" classname="com.caveofprogramming.spring.test.testprog.NewAppTest"/>
  <testcase name="testGetString" time="0.003" classname="com.caveofprogramming.spring.test.testprog.NewAppTest"/>
</testsuite> <!-- Default test -->
