<?xml version="1.0" encoding="UTF-8"?>
<testng-results skipped="0" failed="0" total="0" passed="0">
  <reporter-output>
  </reporter-output>
  <suite name="com.caveofprogramming.spring.test.testprog.AppTest" duration-ms="3" started-at="2014-02-27T07:28:20Z" finished-at="2014-02-27T07:28:20Z">
    <groups>
    </groups>
    <test name="Command line test" duration-ms="3" started-at="2014-02-27T07:28:20Z" finished-at="2014-02-27T07:28:20Z">
    </test> <!-- Command line test -->
  </suite> <!-- com.caveofprogramming.spring.test.testprog.AppTest -->
</testng-results>
