<?xml version="1.0" encoding="UTF-8"?>
<!-- Generated by org.testng.reporters.JUnitXMLReporter -->
<testsuite hostname="James-SAGER" name="Command line test" tests="2" failures="0" timestamp="27 Feb 2014 07:36:49 GMT" time="0.008" errors="0">
  <testcase name="testApp on testApp(com.caveofprogramming.spring.test.testprog.AppTest)" time="0.002" classname="com.caveofprogramming.spring.test.testprog.AppTest"/>
  <testcase name="testGetString on testGetString(com.caveofprogramming.spring.test.testprog.AppTest)" time="0.0" classname="com.caveofprogramming.spring.test.testprog.AppTest"/>
</testsuite> <!-- Command line test -->
