<?xml version="1.0" encoding="UTF-8"?>
<!-- Generated by org.testng.reporters.JUnitXMLReporter -->
<testsuite hostname="James-SAGER" name="Command line test" tests="2" failures="0" timestamp="27 Feb 2014 07:36:49 GMT" time="0.021" errors="0">
  <testcase name="divisionWithException" time="0.006" classname="com.caveofprogramming.spring.test.testprog.NewAppTest"/>
  <testcase name="testGetString" time="0.002" classname="com.caveofprogramming.spring.test.testprog.NewAppTest"/>
</testsuite> <!-- Command line test -->
